[2026-03-28 23:39:00] - [INFO] - [main.py] - [Loading raw data from C:\Users\HP\OneDrive\Desktop\NewsSummProject\data\raw\newssum.csv]
[2026-03-28 23:39:00] - [INFO] - [cleaning.py] - [Loaded 10 raw rows from C:\Users\HP\OneDrive\Desktop\NewsSummProject\data\raw\newssum.csv]
[2026-03-28 23:39:00] - [INFO] - [cleaning.py] - [Cleaning complete: 10 -> 7 rows after removing duplicates, blanks, and short rows.]
[2026-03-28 23:39:00] - [INFO] - [main.py] - [Adding feature engineering columns.]
[2026-03-28 23:39:00] - [INFO] - [feature_engineering.py] - [Added length and readability features to 7 rows.]
[2026-03-28 23:39:00] - [INFO] - [main.py] - [Loading spaCy model: en_core_web_sm]
[2026-03-28 23:39:01] - [INFO] - [entity_extraction.py] - [spaCy model 'en_core_web_sm' loaded successfully.]
[2026-03-28 23:39:01] - [INFO] - [entity_extraction.py] - [Calculated named entity counts for 7 rows.]
[2026-03-28 23:39:01] - [INFO] - [metrics.py] - [Saved analysis tables to C:\Users\HP\OneDrive\Desktop\NewsSummProject\outputs\tables]
[2026-03-28 23:39:02] - [INFO] - [visualization.py] - [Saved document length distribution graph.]
[2026-03-28 23:39:02] - [INFO] - [visualization.py] - [Saved readability comparison graph.]
[2026-03-28 23:39:02] - [INFO] - [main.py] - [Pipeline completed successfully with 7 rows.]
[2026-03-28 23:39:02] - [INFO] - [main.py] - [Processed dataset: C:\Users\HP\OneDrive\Desktop\NewsSummProject\data\processed\newssum_plus_plus.xlsx]
[2026-03-28 23:39:02] - [INFO] - [main.py] - [Tables directory: C:\Users\HP\OneDrive\Desktop\NewsSummProject\outputs\tables]
[2026-03-28 23:39:02] - [INFO] - [main.py] - [Graphs directory: C:\Users\HP\OneDrive\Desktop\NewsSummProject\outputs\graphs]
[2026-03-28 23:41:43] - [INFO] - [main.py] - [Loading raw data from C:\Users\HP\OneDrive\Desktop\NewsSummProject\data\raw\newssum.csv]
[2026-03-28 23:41:43] - [INFO] - [cleaning.py] - [Loaded 10 raw rows from C:\Users\HP\OneDrive\Desktop\NewsSummProject\data\raw\newssum.csv]
[2026-03-28 23:41:43] - [INFO] - [cleaning.py] - [Cleaning complete: 10 -> 7 rows after removing duplicates, blanks, and short rows.]
[2026-03-28 23:41:43] - [INFO] - [main.py] - [Adding feature engineering columns.]
[2026-03-28 23:41:43] - [INFO] - [feature_engineering.py] - [Added length and readability features to 7 rows.]
[2026-03-28 23:41:43] - [INFO] - [main.py] - [Loading spaCy model: en_core_web_sm]
[2026-03-28 23:41:44] - [INFO] - [entity_extraction.py] - [spaCy model 'en_core_web_sm' loaded successfully.]
[2026-03-28 23:41:44] - [INFO] - [entity_extraction.py] - [Calculated named entity counts for 7 rows.]
[2026-03-28 23:41:44] - [INFO] - [metrics.py] - [Saved analysis tables to C:\Users\HP\OneDrive\Desktop\NewsSummProject\outputs\tables]
[2026-03-28 23:41:44] - [INFO] - [visualization.py] - [Saved document length distribution graph.]
[2026-03-28 23:41:44] - [INFO] - [visualization.py] - [Saved readability comparison graph.]
[2026-03-28 23:41:44] - [INFO] - [main.py] - [Pipeline completed successfully with 7 rows.]
[2026-03-28 23:41:44] - [INFO] - [main.py] - [Processed dataset: C:\Users\HP\OneDrive\Desktop\NewsSummProject\data\processed\newssum_plus_plus.xlsx]
[2026-03-28 23:41:44] - [INFO] - [main.py] - [Tables directory: C:\Users\HP\OneDrive\Desktop\NewsSummProject\outputs\tables]
[2026-03-28 23:41:44] - [INFO] - [main.py] - [Graphs directory: C:\Users\HP\OneDrive\Desktop\NewsSummProject\outputs\graphs]
[2026-03-29 19:30:58] - [INFO] - [main.py] - [Loading raw data from C:\Users\HP\OneDrive\Desktop\NewsSummProject\data\raw\newssum.csv]
[2026-03-29 19:30:58] - [INFO] - [cleaning.py] - [Loaded 10 raw rows from C:\Users\HP\OneDrive\Desktop\NewsSummProject\data\raw\newssum.csv]
[2026-03-29 19:30:58] - [INFO] - [cleaning.py] - [Cleaning complete: 10 -> 7 rows after removing duplicates, blanks, and short rows.]
[2026-03-29 19:30:58] - [INFO] - [main.py] - [Adding feature engineering columns.]
[2026-03-29 19:30:58] - [INFO] - [feature_engineering.py] - [Added length and readability features to 7 rows.]
[2026-03-29 19:30:58] - [INFO] - [main.py] - [Loading spaCy model: en_core_web_sm]
[2026-03-29 19:31:00] - [INFO] - [entity_extraction.py] - [spaCy model 'en_core_web_sm' loaded successfully.]
[2026-03-29 19:31:00] - [INFO] - [entity_extraction.py] - [Calculated named entity counts for 7 rows.]
[2026-03-29 19:31:01] - [INFO] - [metrics.py] - [Saved analysis tables to C:\Users\HP\OneDrive\Desktop\NewsSummProject\outputs\tables]
[2026-03-29 19:31:02] - [INFO] - [visualization.py] - [Saved document length distribution graph.]
[2026-03-29 19:31:02] - [INFO] - [visualization.py] - [Saved readability comparison graph.]
[2026-03-29 19:31:02] - [INFO] - [main.py] - [Pipeline completed successfully with 7 rows.]
[2026-03-29 19:31:02] - [INFO] - [main.py] - [Processed dataset: C:\Users\HP\OneDrive\Desktop\NewsSummProject\data\processed\newssum_plus_plus.xlsx]
[2026-03-29 19:31:02] - [INFO] - [main.py] - [Tables directory: C:\Users\HP\OneDrive\Desktop\NewsSummProject\outputs\tables]
[2026-03-29 19:31:02] - [INFO] - [main.py] - [Graphs directory: C:\Users\HP\OneDrive\Desktop\NewsSummProject\outputs\graphs]
[2026-03-29 19:33:53] - [INFO] - [main.py] - [Loading raw data from C:\Users\HP\OneDrive\Desktop\NewsSummProject\data\raw\newssum.csv]
[2026-03-29 19:33:53] - [INFO] - [cleaning.py] - [Loaded 10 raw rows from C:\Users\HP\OneDrive\Desktop\NewsSummProject\data\raw\newssum.csv]
[2026-03-29 19:33:53] - [INFO] - [cleaning.py] - [Cleaning complete: 10 -> 7 rows after removing duplicates, blanks, and short rows.]
[2026-03-29 19:33:53] - [INFO] - [main.py] - [Adding feature engineering columns.]
[2026-03-29 19:33:53] - [INFO] - [feature_engineering.py] - [Added length and readability features to 7 rows.]
[2026-03-29 19:33:53] - [INFO] - [main.py] - [Loading spaCy model: en_core_web_sm]
[2026-03-29 19:33:53] - [INFO] - [entity_extraction.py] - [spaCy model 'en_core_web_sm' loaded successfully.]
[2026-03-29 19:33:54] - [INFO] - [entity_extraction.py] - [Calculated named entity counts for 7 rows.]
[2026-03-29 19:33:57] - [INFO] - [metrics.py] - [Saved analysis tables to C:\Users\HP\OneDrive\Desktop\NewsSummProject\outputs\tables]
[2026-03-29 19:33:57] - [INFO] - [visualization.py] - [Saved document length distribution graph.]
[2026-03-29 19:33:57] - [INFO] - [visualization.py] - [Saved readability comparison graph.]
[2026-03-29 19:33:57] - [INFO] - [main.py] - [Pipeline completed successfully with 7 rows.]
[2026-03-29 19:33:57] - [INFO] - [main.py] - [Processed dataset: C:\Users\HP\OneDrive\Desktop\NewsSummProject\data\processed\newssum_plus_plus.xlsx]
[2026-03-29 19:33:57] - [INFO] - [main.py] - [Tables directory: C:\Users\HP\OneDrive\Desktop\NewsSummProject\outputs\tables]
[2026-03-29 19:33:57] - [INFO] - [main.py] - [Graphs directory: C:\Users\HP\OneDrive\Desktop\NewsSummProject\outputs\graphs]
[2026-03-29 19:50:57] - [INFO] - [main.py] - [Loading raw data from C:\Users\HP\OneDrive\Desktop\NewsSummProject\data\raw\newssum.csv]
[2026-03-29 19:50:57] - [INFO] - [cleaning.py] - [Loaded 10 raw rows from C:\Users\HP\OneDrive\Desktop\NewsSummProject\data\raw\newssum.csv]
[2026-03-29 19:50:57] - [INFO] - [cleaning.py] - [Cleaning complete: 10 -> 7 rows after removing duplicates, blanks, and short rows.]
[2026-03-29 19:50:57] - [INFO] - [main.py] - [Adding feature engineering columns.]
[2026-03-29 19:50:57] - [INFO] - [feature_engineering.py] - [Added length and readability features to 7 rows.]
[2026-03-29 19:50:57] - [INFO] - [main.py] - [Loading spaCy model: en_core_web_sm]
[2026-03-29 19:50:58] - [INFO] - [entity_extraction.py] - [spaCy model 'en_core_web_sm' loaded successfully.]
[2026-03-29 19:50:58] - [INFO] - [entity_extraction.py] - [Calculated named entity counts for 7 rows.]
[2026-03-29 19:50:59] - [INFO] - [metrics.py] - [Saved analysis tables to C:\Users\HP\OneDrive\Desktop\NewsSummProject\outputs\tables]
[2026-03-29 19:50:59] - [INFO] - [visualization.py] - [Saved document length distribution graph.]
[2026-03-29 19:50:59] - [INFO] - [visualization.py] - [Saved readability comparison graph.]
[2026-03-29 19:50:59] - [INFO] - [main.py] - [Pipeline completed successfully with 7 rows.]
[2026-03-29 19:50:59] - [INFO] - [main.py] - [Processed dataset: C:\Users\HP\OneDrive\Desktop\NewsSummProject\data\processed\newssum_plus_plus.xlsx]
[2026-03-29 19:50:59] - [INFO] - [main.py] - [Tables directory: C:\Users\HP\OneDrive\Desktop\NewsSummProject\outputs\tables]
[2026-03-29 19:50:59] - [INFO] - [main.py] - [Graphs directory: C:\Users\HP\OneDrive\Desktop\NewsSummProject\outputs\graphs]
